{"/Users/thomashu/src/github/codecov/codecov-action/demo/calculator/calculator.ts": {"path":"/Users/thomashu/src/github/codecov/codecov-action/demo/calculator/calculator.ts","statementMap":{"0":{"start":{"line":1,"column":0},"end":{"line":1,"column":null}},"1":{"start":{"line":3,"column":2},"end":{"line":5,"column":null}},"2":{"start":{"line":4,"column":4},"end":{"line":4,"column":17}},"3":{"start":{"line":7,"column":2},"end":{"line":9,"column":null}},"4":{"start":{"line":8,"column":4},"end":{"line":8,"column":17}},"5":{"start":{"line":10,"column":0},"end":{"line":10,"column":null}}},"fnMap":{"0":{"name":"(anonymous_0)","decl":{"start":{"line":1,"column":0},"end":{"line":1,"column":null}},"loc":{"start":{"line":1,"column":0},"end":{"line":10,"column":null}}},"1":{"name":"(anonymous_2)","decl":{"start":{"line":3,"column":2},"end":{"line":3,"column":5}},"loc":{"start":{"line":3,"column":28},"end":{"line":5,"column":3}}},"2":{"name":"(anonymous_3)","decl":{"start":{"line":7,"column":2},"end":{"line":7,"column":10}},"loc":{"start":{"line":7,"column":31},"end":{"line":9,"column":3}}}},"branchMap":{},"s":{"0":1,"1":1,"2":1,"3":1,"4":1,"5":1},"f":{"0":3,"1":1,"2":1},"b":{}}
,"/Users/thomashu/src/github/codecov/codecov-action/demo/coverage-test/coverage.ts": {"path":"/Users/thomashu/src/github/codecov/codecov-action/demo/coverage-test/coverage.ts","statementMap":{"0":{"start":{"line":1,"column":0},"end":{"line":1,"column":null}},"1":{"start":{"line":4,"column":2},"end":{"line":10,"column":null}},"2":{"start":{"line":4,"column":18},"end":{"line":4,"column":null}},"3":{"start":{"line":5,"column":4},"end":{"line":9,"column":null}},"4":{"start":{"line":6,"column":6},"end":{"line":6,"column":null}},"5":{"start":{"line":8,"column":6},"end":{"line":8,"column":null}},"6":{"start":{"line":13,"column":2},"end":{"line":15,"column":null}},"7":{"start":{"line":14,"column":4},"end":{"line":14,"column":null}},"8":{"start":{"line":18,"column":2},"end":{"line":20,"column":null}},"9":{"start":{"line":19,"column":4},"end":{"line":19,"column":null}},"10":{"start":{"line":21,"column":0},"end":{"line":21,"column":null}}},"fnMap":{"0":{"name":"(anonymous_0)","decl":{"start":{"line":1,"column":0},"end":{"line":1,"column":null}},"loc":{"start":{"line":1,"column":0},"end":{"line":21,"column":null}}},"1":{"name":"(anonymous_2)","decl":{"start":{"line":4,"column":17},"end":{"line":4,"column":18}},"loc":{"start":{"line":4,"column":26},"end":{"line":10,"column":3}}},"2":{"name":"(anonymous_3)","decl":{"start":{"line":13,"column":18},"end":{"line":13,"column":null}},"loc":{"start":{"line":13,"column":18},"end":{"line":15,"column":3}}},"3":{"name":"(anonymous_4)","decl":{"start":{"line":18,"column":14},"end":{"line":18,"column":null}},"loc":{"start":{"line":18,"column":14},"end":{"line":20,"column":3}}}},"branchMap":{"0":{"loc":{"start":{"line":4,"column":18},"end":{"line":4,"column":null}},"type":"if","locations":[{"start":{"line":4,"column":18},"end":{"line":4,"column":null}},{"start":{"line":4,"column":18},"end":{"line":4,"column":null}}]},"1":{"loc":{"start":{"line":5,"column":4},"end":{"line":9,"column":null}},"type":"if","locations":[{"start":{"line":5,"column":4},"end":{"line":9,"column":null}},{"start":{"line":5,"column":4},"end":{"line":9,"column":null}}]}},"s":{"0":1,"1":2,"2":2,"3":1,"4":1,"5":0,"6":2,"7":1,"8":2,"9":0,"10":1},"f":{"0":3,"1":1,"2":1,"3":0},"b":{"0":[1,0],"1":[1,0]}}
,"/Users/thomashu/src/github/codecov/codecov-action/src/buildExec.ts": {"path":"/Users/thomashu/src/github/codecov/codecov-action/src/buildExec.ts","statementMap":{"0":{"start":{"line":1,"column":13},"end":{"line":1,"column":37}},"1":{"start":{"line":2,"column":15},"end":{"line":2,"column":41}},"2":{"start":{"line":6,"column":16},"end":{"line":6,"column":30}},"3":{"start":{"line":8,"column":15},"end":{"line":17,"column":1}},"4":{"start":{"line":9,"column":20},"end":{"line":9,"column":42}},"5":{"start":{"line":10,"column":2},"end":{"line":16,"column":4}},"6":{"start":{"line":19,"column":18},"end":{"line":183,"column":1}},"7":{"start":{"line":20,"column":16},"end":{"line":20,"column":55}},"8":{"start":{"line":21,"column":23},"end":{"line":21,"column":53}},"9":{"start":{"line":22,"column":22},"end":{"line":22,"column":52}},"10":{"start":{"line":23,"column":26},"end":{"line":23,"column":60}},"11":{"start":{"line":24,"column":18},"end":{"line":24,"column":43}},"12":{"start":{"line":25,"column":17},"end":{"line":25,"column":58}},"13":{"start":{"line":26,"column":15},"end":{"line":26,"column":36}},"14":{"start":{"line":27,"column":16},"end":{"line":27,"column":38}},"15":{"start":{"line":28,"column":16},"end":{"line":28,"column":38}},"16":{"start":{"line":29,"column":26},"end":{"line":29,"column":58}},"17":{"start":{"line":30,"column":19},"end":{"line":30,"column":45}},"18":{"start":{"line":31,"column":18},"end":{"line":31,"column":48}},"19":{"start":{"line":32,"column":22},"end":{"line":32,"column":56}},"20":{"start":{"line":33,"column":19},"end":{"line":33,"column":51}},"21":{"start":{"line":34,"column":22},"end":{"line":34,"column":56}},"22":{"start":{"line":35,"column":21},"end":{"line":35,"column":49}},"23":{"start":{"line":36,"column":15},"end":{"line":36,"column":36}},"24":{"start":{"line":37,"column":24},"end":{"line":37,"column":55}},"25":{"start":{"line":38,"column":25},"end":{"line":38,"column":57}},"26":{"start":{"line":39,"column":24},"end":{"line":39,"column":55}},"27":{"start":{"line":40,"column":25},"end":{"line":40,"column":57}},"28":{"start":{"line":41,"column":21},"end":{"line":41,"column":49}},"29":{"start":{"line":42,"column":22},"end":{"line":42,"column":51}},"30":{"start":{"line":43,"column":18},"end":{"line":43,"column":43}},"31":{"start":{"line":44,"column":20},"end":{"line":44,"column":46}},"32":{"start":{"line":45,"column":16},"end":{"line":45,"column":38}},"33":{"start":{"line":46,"column":18},"end":{"line":46,"column":50}},"34":{"start":{"line":47,"column":21},"end":{"line":47,"column":55}},"35":{"start":{"line":48,"column":20},"end":{"line":48,"column":57}},"36":{"start":{"line":49,"column":27},"end":{"line":49,"column":62}},"37":{"start":{"line":50,"column":23},"end":{"line":50,"column":53}},"38":{"start":{"line":52,"column":19},"end":{"line":52,"column":21}},"39":{"start":{"line":53,"column":2},"end":{"line":60,"column":4}},"40":{"start":{"line":62,"column":22},"end":{"line":62,"column":24}},"41":{"start":{"line":63,"column":2},"end":{"line":70,"column":5}},"42":{"start":{"line":72,"column":21},"end":{"line":72,"column":23}},"43":{"start":{"line":73,"column":2},"end":{"line":79,"column":null}},"44":{"start":{"line":73,"column":23},"end":{"line":73,"column":30}},"45":{"start":{"line":73,"column":23},"end":{"line":73,"column":41}},"46":{"start":{"line":73,"column":19},"end":{"line":73,"column":23}},"47":{"start":{"line":74,"column":24},"end":{"line":74,"column":37}},"48":{"start":{"line":75,"column":4},"end":{"line":78,"column":null}},"49":{"start":{"line":76,"column":6},"end":{"line":76,"column":58}},"50":{"start":{"line":77,"column":6},"end":{"line":77,"column":35}},"51":{"start":{"line":81,"column":2},"end":{"line":83,"column":null}},"52":{"start":{"line":82,"column":4},"end":{"line":82,"column":38}},"53":{"start":{"line":84,"column":2},"end":{"line":86,"column":null}},"54":{"start":{"line":85,"column":4},"end":{"line":85,"column":24}},"55":{"start":{"line":87,"column":2},"end":{"line":89,"column":null}},"56":{"start":{"line":88,"column":4},"end":{"line":88,"column":43}},"57":{"start":{"line":90,"column":2},"end":{"line":92,"column":null}},"58":{"start":{"line":91,"column":4},"end":{"line":91,"column":42}},"59":{"start":{"line":93,"column":2},"end":{"line":95,"column":null}},"60":{"start":{"line":94,"column":4},"end":{"line":94,"column":46}},"61":{"start":{"line":96,"column":2},"end":{"line":98,"column":null}},"62":{"start":{"line":97,"column":4},"end":{"line":97,"column":46}},"63":{"start":{"line":99,"column":2},"end":{"line":101,"column":null}},"64":{"start":{"line":100,"column":4},"end":{"line":100,"column":24}},"65":{"start":{"line":102,"column":2},"end":{"line":104,"column":null}},"66":{"start":{"line":103,"column":4},"end":{"line":103,"column":35}},"67":{"start":{"line":105,"column":2},"end":{"line":109,"column":null}},"68":{"start":{"line":106,"column":4},"end":{"line":108,"column":7}},"69":{"start":{"line":107,"column":6},"end":{"line":107,"column":34}},"70":{"start":{"line":110,"column":2},"end":{"line":114,"column":null}},"71":{"start":{"line":111,"column":4},"end":{"line":113,"column":7}},"72":{"start":{"line":112,"column":6},"end":{"line":112,"column":34}},"73":{"start":{"line":115,"column":2},"end":{"line":117,"column":null}},"74":{"start":{"line":116,"column":4},"end":{"line":116,"column":39}},"75":{"start":{"line":118,"column":2},"end":{"line":120,"column":null}},"76":{"start":{"line":119,"column":4},"end":{"line":119,"column":38}},"77":{"start":{"line":121,"column":2},"end":{"line":123,"column":null}},"78":{"start":{"line":122,"column":4},"end":{"line":122,"column":42}},"79":{"start":{"line":124,"column":2},"end":{"line":126,"column":null}},"80":{"start":{"line":125,"column":4},"end":{"line":125,"column":39}},"81":{"start":{"line":127,"column":2},"end":{"line":129,"column":null}},"82":{"start":{"line":128,"column":4},"end":{"line":128,"column":42}},"83":{"start":{"line":130,"column":2},"end":{"line":132,"column":null}},"84":{"start":{"line":131,"column":4},"end":{"line":131,"column":41}},"85":{"start":{"line":133,"column":2},"end":{"line":135,"column":null}},"86":{"start":{"line":134,"column":4},"end":{"line":134,"column":44}},"87":{"start":{"line":136,"column":2},"end":{"line":138,"column":null}},"88":{"start":{"line":137,"column":4},"end":{"line":137,"column":45}},"89":{"start":{"line":139,"column":2},"end":{"line":141,"column":null}},"90":{"start":{"line":140,"column":4},"end":{"line":140,"column":44}},"91":{"start":{"line":142,"column":2},"end":{"line":149,"column":null}},"92":{"start":{"line":143,"column":4},"end":{"line":143,"column":45}},"93":{"start":{"line":144,"column":9},"end":{"line":149,"column":null}},"94":{"start":{"line":148,"column":4},"end":{"line":148,"column":68}},"95":{"start":{"line":150,"column":2},"end":{"line":156,"column":null}},"96":{"start":{"line":151,"column":4},"end":{"line":151,"column":41}},"97":{"start":{"line":152,"column":9},"end":{"line":156,"column":null}},"98":{"start":{"line":155,"column":4},"end":{"line":155,"column":53}},"99":{"start":{"line":157,"column":2},"end":{"line":159,"column":null}},"100":{"start":{"line":158,"column":4},"end":{"line":158,"column":42}},"101":{"start":{"line":160,"column":2},"end":{"line":162,"column":null}},"102":{"start":{"line":161,"column":4},"end":{"line":161,"column":38}},"103":{"start":{"line":163,"column":2},"end":{"line":165,"column":null}},"104":{"start":{"line":164,"column":4},"end":{"line":164,"column":40}},"105":{"start":{"line":166,"column":2},"end":{"line":168,"column":null}},"106":{"start":{"line":167,"column":4},"end":{"line":167,"column":24}},"107":{"start":{"line":169,"column":2},"end":{"line":171,"column":null}},"108":{"start":{"line":170,"column":4},"end":{"line":170,"column":29}},"109":{"start":{"line":172,"column":2},"end":{"line":174,"column":null}},"110":{"start":{"line":173,"column":4},"end":{"line":173,"column":40}},"111":{"start":{"line":175,"column":2},"end":{"line":177,"column":null}},"112":{"start":{"line":176,"column":4},"end":{"line":176,"column":47}},"113":{"start":{"line":178,"column":2},"end":{"line":180,"column":null}},"114":{"start":{"line":179,"column":4},"end":{"line":179,"column":43}},"115":{"start":{"line":182,"column":2},"end":{"line":182,"column":37}},"116":{"start":{"line":185,"column":0},"end":{"line":185,"column":25}}},"fnMap":{"0":{"name":"(anonymous_0)","decl":{"start":{"line":8,"column":15},"end":{"line":8,"column":16}},"loc":{"start":{"line":8,"column":24},"end":{"line":17,"column":1}}},"1":{"name":"(anonymous_1)","decl":{"start":{"line":19,"column":18},"end":{"line":19,"column":null}},"loc":{"start":{"line":19,"column":18},"end":{"line":183,"column":1}}},"2":{"name":"(anonymous_2)","decl":{"start":{"line":106,"column":29},"end":{"line":106,"column":30}},"loc":{"start":{"line":106,"column":31},"end":{"line":108,"column":5}}},"3":{"name":"(anonymous_3)","decl":{"start":{"line":111,"column":39},"end":{"line":111,"column":40}},"loc":{"start":{"line":111,"column":41},"end":{"line":113,"column":5}}}},"branchMap":{"0":{"loc":{"start":{"line":11,"column":4},"end":{"line":11,"column":21}},"type":"binary-expr","locations":[{"start":{"line":11,"column":4},"end":{"line":11,"column":21}},{"start":{"line":12,"column":4},"end":{"line":12,"column":21}},{"start":{"line":13,"column":4},"end":{"line":13,"column":24}},{"start":{"line":14,"column":4},"end":{"line":14,"column":21}},{"start":{"line":15,"column":4},"end":{"line":15,"column":23}}]},"1":{"loc":{"start":{"line":69,"column":21},"end":{"line":69,"column":48}},"type":"binary-expr","locations":[{"start":{"line":69,"column":21},"end":{"line":69,"column":48}},{"start":{"line":69,"column":52},"end":{"line":69,"column":54}}]},"2":{"loc":{"start":{"line":75,"column":4},"end":{"line":78,"column":null}},"type":"if","locations":[{"start":{"line":75,"column":4},"end":{"line":78,"column":null}},{"start":{"line":75,"column":4},"end":{"line":78,"column":null}}]},"3":{"loc":{"start":{"line":81,"column":2},"end":{"line":83,"column":null}},"type":"if","locations":[{"start":{"line":81,"column":2},"end":{"line":83,"column":null}},{"start":{"line":81,"column":2},"end":{"line":83,"column":null}}]},"4":{"loc":{"start":{"line":84,"column":2},"end":{"line":86,"column":null}},"type":"if","locations":[{"start":{"line":84,"column":2},"end":{"line":86,"column":null}},{"start":{"line":84,"column":2},"end":{"line":86,"column":null}}]},"5":{"loc":{"start":{"line":87,"column":2},"end":{"line":89,"column":null}},"type":"if","locations":[{"start":{"line":87,"column":2},"end":{"line":89,"column":null}},{"start":{"line":87,"column":2},"end":{"line":89,"column":null}}]},"6":{"loc":{"start":{"line":90,"column":2},"end":{"line":92,"column":null}},"type":"if","locations":[{"start":{"line":90,"column":2},"end":{"line":92,"column":null}},{"start":{"line":90,"column":2},"end":{"line":92,"column":null}}]},"7":{"loc":{"start":{"line":93,"column":2},"end":{"line":95,"column":null}},"type":"if","locations":[{"start":{"line":93,"column":2},"end":{"line":95,"column":null}},{"start":{"line":93,"column":2},"end":{"line":95,"column":null}}]},"8":{"loc":{"start":{"line":96,"column":2},"end":{"line":98,"column":null}},"type":"if","locations":[{"start":{"line":96,"column":2},"end":{"line":98,"column":null}},{"start":{"line":96,"column":2},"end":{"line":98,"column":null}}]},"9":{"loc":{"start":{"line":99,"column":2},"end":{"line":101,"column":null}},"type":"if","locations":[{"start":{"line":99,"column":2},"end":{"line":101,"column":null}},{"start":{"line":99,"column":2},"end":{"line":101,"column":null}}]},"10":{"loc":{"start":{"line":102,"column":2},"end":{"line":104,"column":null}},"type":"if","locations":[{"start":{"line":102,"column":2},"end":{"line":104,"column":null}},{"start":{"line":102,"column":2},"end":{"line":104,"column":null}}]},"11":{"loc":{"start":{"line":105,"column":2},"end":{"line":109,"column":null}},"type":"if","locations":[{"start":{"line":105,"column":2},"end":{"line":109,"column":null}},{"start":{"line":105,"column":2},"end":{"line":109,"column":null}}]},"12":{"loc":{"start":{"line":110,"column":2},"end":{"line":114,"column":null}},"type":"if","locations":[{"start":{"line":110,"column":2},"end":{"line":114,"column":null}},{"start":{"line":110,"column":2},"end":{"line":114,"column":null}}]},"13":{"loc":{"start":{"line":115,"column":2},"end":{"line":117,"column":null}},"type":"if","locations":[{"start":{"line":115,"column":2},"end":{"line":117,"column":null}},{"start":{"line":115,"column":2},"end":{"line":117,"column":null}}]},"14":{"loc":{"start":{"line":118,"column":2},"end":{"line":120,"column":null}},"type":"if","locations":[{"start":{"line":118,"column":2},"end":{"line":120,"column":null}},{"start":{"line":118,"column":2},"end":{"line":120,"column":null}}]},"15":{"loc":{"start":{"line":121,"column":2},"end":{"line":123,"column":null}},"type":"if","locations":[{"start":{"line":121,"column":2},"end":{"line":123,"column":null}},{"start":{"line":121,"column":2},"end":{"line":123,"column":null}}]},"16":{"loc":{"start":{"line":124,"column":2},"end":{"line":126,"column":null}},"type":"if","locations":[{"start":{"line":124,"column":2},"end":{"line":126,"column":null}},{"start":{"line":124,"column":2},"end":{"line":126,"column":null}}]},"17":{"loc":{"start":{"line":127,"column":2},"end":{"line":129,"column":null}},"type":"if","locations":[{"start":{"line":127,"column":2},"end":{"line":129,"column":null}},{"start":{"line":127,"column":2},"end":{"line":129,"column":null}}]},"18":{"loc":{"start":{"line":130,"column":2},"end":{"line":132,"column":null}},"type":"if","locations":[{"start":{"line":130,"column":2},"end":{"line":132,"column":null}},{"start":{"line":130,"column":2},"end":{"line":132,"column":null}}]},"19":{"loc":{"start":{"line":133,"column":2},"end":{"line":135,"column":null}},"type":"if","locations":[{"start":{"line":133,"column":2},"end":{"line":135,"column":null}},{"start":{"line":133,"column":2},"end":{"line":135,"column":null}}]},"20":{"loc":{"start":{"line":136,"column":2},"end":{"line":138,"column":null}},"type":"if","locations":[{"start":{"line":136,"column":2},"end":{"line":138,"column":null}},{"start":{"line":136,"column":2},"end":{"line":138,"column":null}}]},"21":{"loc":{"start":{"line":139,"column":2},"end":{"line":141,"column":null}},"type":"if","locations":[{"start":{"line":139,"column":2},"end":{"line":141,"column":null}},{"start":{"line":139,"column":2},"end":{"line":141,"column":null}}]},"22":{"loc":{"start":{"line":142,"column":2},"end":{"line":149,"column":null}},"type":"if","locations":[{"start":{"line":142,"column":2},"end":{"line":149,"column":null}},{"start":{"line":142,"column":2},"end":{"line":149,"column":null}}]},"23":{"loc":{"start":{"line":144,"column":9},"end":{"line":149,"column":null}},"type":"if","locations":[{"start":{"line":144,"column":9},"end":{"line":149,"column":null}},{"start":{"line":144,"column":9},"end":{"line":149,"column":null}}]},"24":{"loc":{"start":{"line":145,"column":4},"end":{"line":145,"column":44}},"type":"binary-expr","locations":[{"start":{"line":145,"column":4},"end":{"line":145,"column":44}},{"start":{"line":146,"column":4},"end":{"line":146,"column":51}}]},"25":{"loc":{"start":{"line":150,"column":2},"end":{"line":156,"column":null}},"type":"if","locations":[{"start":{"line":150,"column":2},"end":{"line":156,"column":null}},{"start":{"line":150,"column":2},"end":{"line":156,"column":null}}]},"26":{"loc":{"start":{"line":152,"column":9},"end":{"line":156,"column":null}},"type":"if","locations":[{"start":{"line":152,"column":9},"end":{"line":156,"column":null}},{"start":{"line":152,"column":9},"end":{"line":156,"column":null}}]},"27":{"loc":{"start":{"line":157,"column":2},"end":{"line":159,"column":null}},"type":"if","locations":[{"start":{"line":157,"column":2},"end":{"line":159,"column":null}},{"start":{"line":157,"column":2},"end":{"line":159,"column":null}}]},"28":{"loc":{"start":{"line":160,"column":2},"end":{"line":162,"column":null}},"type":"if","locations":[{"start":{"line":160,"column":2},"end":{"line":162,"column":null}},{"start":{"line":160,"column":2},"end":{"line":162,"column":null}}]},"29":{"loc":{"start":{"line":163,"column":2},"end":{"line":165,"column":null}},"type":"if","locations":[{"start":{"line":163,"column":2},"end":{"line":165,"column":null}},{"start":{"line":163,"column":2},"end":{"line":165,"column":null}}]},"30":{"loc":{"start":{"line":166,"column":2},"end":{"line":168,"column":null}},"type":"if","locations":[{"start":{"line":166,"column":2},"end":{"line":168,"column":null}},{"start":{"line":166,"column":2},"end":{"line":168,"column":null}}]},"31":{"loc":{"start":{"line":169,"column":2},"end":{"line":171,"column":null}},"type":"if","locations":[{"start":{"line":169,"column":2},"end":{"line":171,"column":null}},{"start":{"line":169,"column":2},"end":{"line":171,"column":null}}]},"32":{"loc":{"start":{"line":172,"column":2},"end":{"line":174,"column":null}},"type":"if","locations":[{"start":{"line":172,"column":2},"end":{"line":174,"column":null}},{"start":{"line":172,"column":2},"end":{"line":174,"column":null}}]},"33":{"loc":{"start":{"line":175,"column":2},"end":{"line":177,"column":null}},"type":"if","locations":[{"start":{"line":175,"column":2},"end":{"line":177,"column":null}},{"start":{"line":175,"column":2},"end":{"line":177,"column":null}}]},"34":{"loc":{"start":{"line":178,"column":2},"end":{"line":180,"column":null}},"type":"if","locations":[{"start":{"line":178,"column":2},"end":{"line":180,"column":null}},{"start":{"line":178,"column":2},"end":{"line":180,"column":null}}]}},"s":{"0":1,"1":1,"2":1,"3":1,"4":4,"5":4,"6":1,"7":2,"8":2,"9":2,"10":2,"11":2,"12":2,"13":2,"14":2,"15":2,"16":2,"17":2,"18":2,"19":2,"20":2,"21":2,"22":2,"23":2,"24":2,"25":2,"26":2,"27":2,"28":2,"29":2,"30":2,"31":2,"32":2,"33":2,"34":2,"35":2,"36":2,"37":2,"38":2,"39":2,"40":2,"41":2,"42":2,"43":2,"44":2,"45":2,"46":3,"47":3,"48":3,"49":2,"50":2,"51":2,"52":1,"53":2,"54":1,"55":2,"56":1,"57":2,"58":1,"59":2,"60":1,"61":2,"62":1,"63":2,"64":1,"65":2,"66":1,"67":2,"68":1,"69":2,"70":2,"71":1,"72":9,"73":2,"74":1,"75":2,"76":0,"77":2,"78":1,"79":2,"80":1,"81":2,"82":1,"83":2,"84":1,"85":2,"86":1,"87":2,"88":1,"89":2,"90":1,"91":2,"92":1,"93":1,"94":0,"95":2,"96":1,"97":1,"98":0,"99":2,"100":1,"101":2,"102":1,"103":2,"104":1,"105":2,"106":1,"107":2,"108":1,"109":2,"110":1,"111":2,"112":1,"113":2,"114":1,"115":2,"116":1},"f":{"0":4,"1":2,"2":2,"3":9},"b":{"0":[4,4,3,2,2],"1":[2,2],"2":[2,1],"3":[1,1],"4":[1,1],"5":[1,1],"6":[1,1],"7":[1,1],"8":[1,1],"9":[1,1],"10":[1,1],"11":[1,1],"12":[1,1],"13":[1,1],"14":[0,2],"15":[1,1],"16":[1,1],"17":[1,1],"18":[1,1],"19":[1,1],"20":[1,1],"21":[1,1],"22":[1,1],"23":[0,1],"24":[1,1],"25":[1,1],"26":[0,1],"27":[1,1],"28":[1,1],"29":[1,1],"30":[1,1],"31":[1,1],"32":[1,1],"33":[1,1],"34":[1,1]}}
}
