TN:
SF:demo/calculator/calculator.ts
FN:1,(anonymous_0)
FN:3,(anonymous_2)
FN:7,(anonymous_3)
FNF:3
FNH:3
FNDA:3,(anonymous_0)
FNDA:1,(anonymous_2)
FNDA:1,(anonymous_3)
DA:1,1
DA:3,1
DA:4,1
DA:7,1
DA:8,1
DA:10,1
LF:6
LH:6
BRF:0
BRH:0
end_of_record
TN:
SF:demo/coverage-test/coverage.ts
FN:1,(anonymous_0)
FN:4,(anonymous_2)
FN:13,(anonymous_3)
FN:18,(anonymous_4)
FNF:4
FNH:3
FNDA:3,(anonymous_0)
FNDA:1,(anonymous_2)
FNDA:1,(anonymous_3)
FNDA:0,(anonymous_4)
DA:1,1
DA:4,2
DA:5,1
DA:6,1
DA:8,0
DA:13,2
DA:14,1
DA:18,2
DA:19,0
DA:21,1
LF:10
LH:8
BRDA:4,0,0,1
BRDA:4,0,1,0
BRDA:5,1,0,1
BRDA:5,1,1,0
BRF:4
BRH:2
end_of_record
TN:
SF:src/buildExec.ts
FN:8,(anonymous_0)
FN:19,(anonymous_1)
FN:106,(anonymous_2)
FN:111,(anonymous_3)
FNF:4
FNH:4
FNDA:4,(anonymous_0)
FNDA:2,(anonymous_1)
FNDA:2,(anonymous_2)
FNDA:9,(anonymous_3)
DA:1,1
DA:2,1
DA:6,1
DA:8,1
DA:9,4
DA:10,4
DA:19,1
DA:20,2
DA:21,2
DA:22,2
DA:23,2
DA:24,2
DA:25,2
DA:26,2
DA:27,2
DA:28,2
DA:29,2
DA:30,2
DA:31,2
DA:32,2
DA:33,2
DA:34,2
DA:35,2
DA:36,2
DA:37,2
DA:38,2
DA:39,2
DA:40,2
DA:41,2
DA:42,2
DA:43,2
DA:44,2
DA:45,2
DA:46,2
DA:47,2
DA:48,2
DA:49,2
DA:50,2
DA:52,2
DA:53,2
DA:62,2
DA:63,2
DA:72,2
DA:73,3
DA:74,3
DA:75,3
DA:76,2
DA:77,2
DA:81,2
DA:82,1
DA:84,2
DA:85,1
DA:87,2
DA:88,1
DA:90,2
DA:91,1
DA:93,2
DA:94,1
DA:96,2
DA:97,1
DA:99,2
DA:100,1
DA:102,2
DA:103,1
DA:105,2
DA:106,1
DA:107,2
DA:110,2
DA:111,1
DA:112,9
DA:115,2
DA:116,1
DA:118,2
DA:119,0
DA:121,2
DA:122,1
DA:124,2
DA:125,1
DA:127,2
DA:128,1
DA:130,2
DA:131,1
DA:133,2
DA:134,1
DA:136,2
DA:137,1
DA:139,2
DA:140,1
DA:142,2
DA:143,1
DA:144,1
DA:148,0
DA:150,2
DA:151,1
DA:152,1
DA:155,0
DA:157,2
DA:158,1
DA:160,2
DA:161,1
DA:163,2
DA:164,1
DA:166,2
DA:167,1
DA:169,2
DA:170,1
DA:172,2
DA:173,1
DA:175,2
DA:176,1
DA:178,2
DA:179,1
DA:182,2
DA:185,1
LF:114
LH:111
BRDA:11,0,0,4
BRDA:11,0,1,4
BRDA:11,0,2,3
BRDA:11,0,3,2
BRDA:11,0,4,2
BRDA:69,1,0,2
BRDA:69,1,1,2
BRDA:75,2,0,2
BRDA:75,2,1,1
BRDA:81,3,0,1
BRDA:81,3,1,1
BRDA:84,4,0,1
BRDA:84,4,1,1
BRDA:87,5,0,1
BRDA:87,5,1,1
BRDA:90,6,0,1
BRDA:90,6,1,1
BRDA:93,7,0,1
BRDA:93,7,1,1
BRDA:96,8,0,1
BRDA:96,8,1,1
BRDA:99,9,0,1
BRDA:99,9,1,1
BRDA:102,10,0,1
BRDA:102,10,1,1
BRDA:105,11,0,1
BRDA:105,11,1,1
BRDA:110,12,0,1
BRDA:110,12,1,1
BRDA:115,13,0,1
BRDA:115,13,1,1
BRDA:118,14,0,0
BRDA:118,14,1,2
BRDA:121,15,0,1
BRDA:121,15,1,1
BRDA:124,16,0,1
BRDA:124,16,1,1
BRDA:127,17,0,1
BRDA:127,17,1,1
BRDA:130,18,0,1
BRDA:130,18,1,1
BRDA:133,19,0,1
BRDA:133,19,1,1
BRDA:136,20,0,1
BRDA:136,20,1,1
BRDA:139,21,0,1
BRDA:139,21,1,1
BRDA:142,22,0,1
BRDA:142,22,1,1
BRDA:144,23,0,0
BRDA:144,23,1,1
BRDA:145,24,0,1
BRDA:145,24,1,1
BRDA:150,25,0,1
BRDA:150,25,1,1
BRDA:152,26,0,0
BRDA:152,26,1,1
BRDA:157,27,0,1
BRDA:157,27,1,1
BRDA:160,28,0,1
BRDA:160,28,1,1
BRDA:163,29,0,1
BRDA:163,29,1,1
BRDA:166,30,0,1
BRDA:166,30,1,1
BRDA:169,31,0,1
BRDA:169,31,1,1
BRDA:172,32,0,1
BRDA:172,32,1,1
BRDA:175,33,0,1
BRDA:175,33,1,1
BRDA:178,34,0,1
BRDA:178,34,1,1
BRF:73
BRH:70
end_of_record
