{"/Users/thomashu/src/github/codecov/codecov-action/demo/calculator/calculator.ts": {"path":"/Users/thomashu/src/github/codecov/codecov-action/demo/calculator/calculator.ts","statementMap":{"0":{"start":{"line":1,"column":0},"end":{"line":1,"column":null}},"1":{"start":{"line":3,"column":2},"end":{"line":5,"column":null}},"2":{"start":{"line":4,"column":4},"end":{"line":4,"column":17}},"3":{"start":{"line":7,"column":2},"end":{"line":9,"column":null}},"4":{"start":{"line":8,"column":4},"end":{"line":8,"column":17}},"5":{"start":{"line":10,"column":0},"end":{"line":10,"column":null}}},"fnMap":{"0":{"name":"(anonymous_0)","decl":{"start":{"line":1,"column":0},"end":{"line":1,"column":null}},"loc":{"start":{"line":1,"column":0},"end":{"line":10,"column":null}}},"1":{"name":"(anonymous_2)","decl":{"start":{"line":3,"column":2},"end":{"line":3,"column":5}},"loc":{"start":{"line":3,"column":28},"end":{"line":5,"column":3}}},"2":{"name":"(anonymous_3)","decl":{"start":{"line":7,"column":2},"end":{"line":7,"column":10}},"loc":{"start":{"line":7,"column":31},"end":{"line":9,"column":3}}}},"branchMap":{},"s":{"0":1,"1":1,"2":1,"3":1,"4":1,"5":1},"f":{"0":3,"1":1,"2":1},"b":{}}
,"/Users/thomashu/src/github/codecov/codecov-action/demo/coverage-test/coverage.ts": {"path":"/Users/thomashu/src/github/codecov/codecov-action/demo/coverage-test/coverage.ts","statementMap":{"0":{"start":{"line":1,"column":0},"end":{"line":1,"column":null}},"1":{"start":{"line":4,"column":2},"end":{"line":10,"column":null}},"2":{"start":{"line":4,"column":18},"end":{"line":4,"column":null}},"3":{"start":{"line":5,"column":4},"end":{"line":9,"column":null}},"4":{"start":{"line":6,"column":6},"end":{"line":6,"column":null}},"5":{"start":{"line":8,"column":6},"end":{"line":8,"column":null}},"6":{"start":{"line":13,"column":2},"end":{"line":15,"column":null}},"7":{"start":{"line":14,"column":4},"end":{"line":14,"column":null}},"8":{"start":{"line":18,"column":2},"end":{"line":20,"column":null}},"9":{"start":{"line":19,"column":4},"end":{"line":19,"column":null}},"10":{"start":{"line":21,"column":0},"end":{"line":21,"column":null}}},"fnMap":{"0":{"name":"(anonymous_0)","decl":{"start":{"line":1,"column":0},"end":{"line":1,"column":null}},"loc":{"start":{"line":1,"column":0},"end":{"line":21,"column":null}}},"1":{"name":"(anonymous_2)","decl":{"start":{"line":4,"column":17},"end":{"line":4,"column":18}},"loc":{"start":{"line":4,"column":26},"end":{"line":10,"column":3}}},"2":{"name":"(anonymous_3)","decl":{"start":{"line":13,"column":18},"end":{"line":13,"column":null}},"loc":{"start":{"line":13,"column":18},"end":{"line":15,"column":3}}},"3":{"name":"(anonymous_4)","decl":{"start":{"line":18,"column":14},"end":{"line":18,"column":null}},"loc":{"start":{"line":18,"column":14},"end":{"line":20,"column":3}}}},"branchMap":{"0":{"loc":{"start":{"line":4,"column":18},"end":{"line":4,"column":null}},"type":"if","locations":[{"start":{"line":4,"column":18},"end":{"line":4,"column":null}},{"start":{"line":4,"column":18},"end":{"line":4,"column":null}}]},"1":{"loc":{"start":{"line":5,"column":4},"end":{"line":9,"column":null}},"type":"if","locations":[{"start":{"line":5,"column":4},"end":{"line":9,"column":null}},{"start":{"line":5,"column":4},"end":{"line":9,"column":null}}]}},"s":{"0":1,"1":2,"2":2,"3":1,"4":1,"5":0,"6":2,"7":1,"8":2,"9":0,"10":1},"f":{"0":3,"1":1,"2":1,"3":0},"b":{"0":[1,0],"1":[1,0]}}
,"/Users/thomashu/src/github/codecov/codecov-action/src/buildExec.ts": {"path":"/Users/thomashu/src/github/codecov/codecov-action/src/buildExec.ts","statementMap":{"0":{"start":{"line":1,"column":0},"end":{"line":1,"column":38}},"1":{"start":{"line":2,"column":0},"end":{"line":2,"column":42}},"2":{"start":{"line":5,"column":18},"end":{"line":5,"column":45}},"3":{"start":{"line":7,"column":16},"end":{"line":7,"column":30}},"4":{"start":{"line":9,"column":15},"end":{"line":18,"column":1}},"5":{"start":{"line":10,"column":20},"end":{"line":10,"column":42}},"6":{"start":{"line":11,"column":2},"end":{"line":17,"column":4}},"7":{"start":{"line":20,"column":18},"end":{"line":152,"column":1}},"8":{"start":{"line":21,"column":16},"end":{"line":21,"column":55}},"9":{"start":{"line":22,"column":23},"end":{"line":22,"column":53}},"10":{"start":{"line":23,"column":18},"end":{"line":23,"column":43}},"11":{"start":{"line":24,"column":17},"end":{"line":24,"column":49}},"12":{"start":{"line":25,"column":17},"end":{"line":25,"column":58}},"13":{"start":{"line":26,"column":15},"end":{"line":26,"column":36}},"14":{"start":{"line":27,"column":16},"end":{"line":27,"column":38}},"15":{"start":{"line":28,"column":16},"end":{"line":28,"column":38}},"16":{"start":{"line":29,"column":26},"end":{"line":29,"column":58}},"17":{"start":{"line":30,"column":15},"end":{"line":30,"column":36}},"18":{"start":{"line":31,"column":25},"end":{"line":31,"column":57}},"19":{"start":{"line":32,"column":24},"end":{"line":32,"column":55}},"20":{"start":{"line":33,"column":25},"end":{"line":33,"column":57}},"21":{"start":{"line":34,"column":21},"end":{"line":34,"column":49}},"22":{"start":{"line":35,"column":22},"end":{"line":35,"column":51}},"23":{"start":{"line":36,"column":19},"end":{"line":36,"column":44}},"24":{"start":{"line":37,"column":18},"end":{"line":37,"column":43}},"25":{"start":{"line":38,"column":20},"end":{"line":38,"column":46}},"26":{"start":{"line":39,"column":15},"end":{"line":39,"column":36}},"27":{"start":{"line":40,"column":16},"end":{"line":40,"column":38}},"28":{"start":{"line":41,"column":18},"end":{"line":41,"column":50}},"29":{"start":{"line":42,"column":14},"end":{"line":42,"column":34}},"30":{"start":{"line":43,"column":21},"end":{"line":43,"column":55}},"31":{"start":{"line":45,"column":19},"end":{"line":45,"column":21}},"32":{"start":{"line":46,"column":2},"end":{"line":51,"column":4}},"33":{"start":{"line":53,"column":22},"end":{"line":53,"column":24}},"34":{"start":{"line":54,"column":2},"end":{"line":61,"column":5}},"35":{"start":{"line":63,"column":21},"end":{"line":63,"column":23}},"36":{"start":{"line":64,"column":2},"end":{"line":70,"column":null}},"37":{"start":{"line":64,"column":23},"end":{"line":64,"column":30}},"38":{"start":{"line":64,"column":23},"end":{"line":64,"column":41}},"39":{"start":{"line":64,"column":19},"end":{"line":64,"column":23}},"40":{"start":{"line":65,"column":24},"end":{"line":65,"column":37}},"41":{"start":{"line":66,"column":4},"end":{"line":69,"column":null}},"42":{"start":{"line":67,"column":6},"end":{"line":67,"column":58}},"43":{"start":{"line":68,"column":6},"end":{"line":68,"column":35}},"44":{"start":{"line":72,"column":2},"end":{"line":74,"column":null}},"45":{"start":{"line":73,"column":4},"end":{"line":73,"column":38}},"46":{"start":{"line":75,"column":2},"end":{"line":77,"column":null}},"47":{"start":{"line":76,"column":4},"end":{"line":76,"column":24}},"48":{"start":{"line":78,"column":2},"end":{"line":80,"column":null}},"49":{"start":{"line":79,"column":4},"end":{"line":79,"column":43}},"50":{"start":{"line":81,"column":2},"end":{"line":83,"column":null}},"51":{"start":{"line":82,"column":4},"end":{"line":82,"column":24}},"52":{"start":{"line":84,"column":2},"end":{"line":86,"column":null}},"53":{"start":{"line":85,"column":4},"end":{"line":85,"column":46}},"54":{"start":{"line":87,"column":2},"end":{"line":91,"column":null}},"55":{"start":{"line":88,"column":4},"end":{"line":90,"column":7}},"56":{"start":{"line":89,"column":6},"end":{"line":89,"column":34}},"57":{"start":{"line":92,"column":2},"end":{"line":94,"column":null}},"58":{"start":{"line":93,"column":4},"end":{"line":93,"column":24}},"59":{"start":{"line":95,"column":2},"end":{"line":97,"column":null}},"60":{"start":{"line":96,"column":4},"end":{"line":96,"column":35}},"61":{"start":{"line":98,"column":2},"end":{"line":102,"column":null}},"62":{"start":{"line":99,"column":4},"end":{"line":101,"column":7}},"63":{"start":{"line":100,"column":6},"end":{"line":100,"column":34}},"64":{"start":{"line":103,"column":2},"end":{"line":107,"column":null}},"65":{"start":{"line":104,"column":4},"end":{"line":106,"column":7}},"66":{"start":{"line":105,"column":6},"end":{"line":105,"column":34}},"67":{"start":{"line":108,"column":2},"end":{"line":110,"column":null}},"68":{"start":{"line":109,"column":4},"end":{"line":109,"column":45}},"69":{"start":{"line":111,"column":2},"end":{"line":113,"column":null}},"70":{"start":{"line":112,"column":4},"end":{"line":112,"column":44}},"71":{"start":{"line":114,"column":2},"end":{"line":121,"column":null}},"72":{"start":{"line":115,"column":4},"end":{"line":115,"column":45}},"73":{"start":{"line":116,"column":9},"end":{"line":121,"column":null}},"74":{"start":{"line":120,"column":4},"end":{"line":120,"column":68}},"75":{"start":{"line":122,"column":2},"end":{"line":128,"column":null}},"76":{"start":{"line":123,"column":4},"end":{"line":123,"column":41}},"77":{"start":{"line":124,"column":9},"end":{"line":128,"column":null}},"78":{"start":{"line":127,"column":4},"end":{"line":127,"column":53}},"79":{"start":{"line":129,"column":2},"end":{"line":131,"column":null}},"80":{"start":{"line":130,"column":4},"end":{"line":130,"column":42}},"81":{"start":{"line":132,"column":2},"end":{"line":134,"column":null}},"82":{"start":{"line":133,"column":4},"end":{"line":133,"column":38}},"83":{"start":{"line":135,"column":2},"end":{"line":137,"column":null}},"84":{"start":{"line":136,"column":4},"end":{"line":136,"column":40}},"85":{"start":{"line":138,"column":2},"end":{"line":140,"column":null}},"86":{"start":{"line":139,"column":4},"end":{"line":139,"column":35}},"87":{"start":{"line":141,"column":2},"end":{"line":143,"column":null}},"88":{"start":{"line":142,"column":4},"end":{"line":142,"column":34}},"89":{"start":{"line":144,"column":2},"end":{"line":146,"column":null}},"90":{"start":{"line":145,"column":4},"end":{"line":145,"column":24}},"91":{"start":{"line":147,"column":2},"end":{"line":149,"column":null}},"92":{"start":{"line":148,"column":4},"end":{"line":148,"column":29}},"93":{"start":{"line":151,"column":2},"end":{"line":151,"column":47}},"94":{"start":{"line":154,"column":0},"end":{"line":154,"column":25}}},"fnMap":{"0":{"name":"(anonymous_6)","decl":{"start":{"line":9,"column":15},"end":{"line":9,"column":16}},"loc":{"start":{"line":9,"column":24},"end":{"line":18,"column":1}}},"1":{"name":"(anonymous_7)","decl":{"start":{"line":20,"column":18},"end":{"line":20,"column":null}},"loc":{"start":{"line":20,"column":18},"end":{"line":152,"column":1}}},"2":{"name":"(anonymous_8)","decl":{"start":{"line":88,"column":39},"end":{"line":88,"column":40}},"loc":{"start":{"line":88,"column":41},"end":{"line":90,"column":5}}},"3":{"name":"(anonymous_9)","decl":{"start":{"line":99,"column":29},"end":{"line":99,"column":30}},"loc":{"start":{"line":99,"column":31},"end":{"line":101,"column":5}}},"4":{"name":"(anonymous_10)","decl":{"start":{"line":104,"column":29},"end":{"line":104,"column":30}},"loc":{"start":{"line":104,"column":31},"end":{"line":106,"column":5}}}},"branchMap":{"0":{"loc":{"start":{"line":12,"column":4},"end":{"line":12,"column":21}},"type":"binary-expr","locations":[{"start":{"line":12,"column":4},"end":{"line":12,"column":21}},{"start":{"line":13,"column":4},"end":{"line":13,"column":21}},{"start":{"line":14,"column":4},"end":{"line":14,"column":24}},{"start":{"line":15,"column":4},"end":{"line":15,"column":21}},{"start":{"line":16,"column":4},"end":{"line":16,"column":23}}]},"1":{"loc":{"start":{"line":60,"column":21},"end":{"line":60,"column":48}},"type":"binary-expr","locations":[{"start":{"line":60,"column":21},"end":{"line":60,"column":48}},{"start":{"line":60,"column":52},"end":{"line":60,"column":54}}]},"2":{"loc":{"start":{"line":66,"column":4},"end":{"line":69,"column":null}},"type":"if","locations":[{"start":{"line":66,"column":4},"end":{"line":69,"column":null}},{"start":{"line":66,"column":4},"end":{"line":69,"column":null}}]},"3":{"loc":{"start":{"line":72,"column":2},"end":{"line":74,"column":null}},"type":"if","locations":[{"start":{"line":72,"column":2},"end":{"line":74,"column":null}},{"start":{"line":72,"column":2},"end":{"line":74,"column":null}}]},"4":{"loc":{"start":{"line":75,"column":2},"end":{"line":77,"column":null}},"type":"if","locations":[{"start":{"line":75,"column":2},"end":{"line":77,"column":null}},{"start":{"line":75,"column":2},"end":{"line":77,"column":null}}]},"5":{"loc":{"start":{"line":78,"column":2},"end":{"line":80,"column":null}},"type":"if","locations":[{"start":{"line":78,"column":2},"end":{"line":80,"column":null}},{"start":{"line":78,"column":2},"end":{"line":80,"column":null}}]},"6":{"loc":{"start":{"line":81,"column":2},"end":{"line":83,"column":null}},"type":"if","locations":[{"start":{"line":81,"column":2},"end":{"line":83,"column":null}},{"start":{"line":81,"column":2},"end":{"line":83,"column":null}}]},"7":{"loc":{"start":{"line":84,"column":2},"end":{"line":86,"column":null}},"type":"if","locations":[{"start":{"line":84,"column":2},"end":{"line":86,"column":null}},{"start":{"line":84,"column":2},"end":{"line":86,"column":null}}]},"8":{"loc":{"start":{"line":87,"column":2},"end":{"line":91,"column":null}},"type":"if","locations":[{"start":{"line":87,"column":2},"end":{"line":91,"column":null}},{"start":{"line":87,"column":2},"end":{"line":91,"column":null}}]},"9":{"loc":{"start":{"line":92,"column":2},"end":{"line":94,"column":null}},"type":"if","locations":[{"start":{"line":92,"column":2},"end":{"line":94,"column":null}},{"start":{"line":92,"column":2},"end":{"line":94,"column":null}}]},"10":{"loc":{"start":{"line":95,"column":2},"end":{"line":97,"column":null}},"type":"if","locations":[{"start":{"line":95,"column":2},"end":{"line":97,"column":null}},{"start":{"line":95,"column":2},"end":{"line":97,"column":null}}]},"11":{"loc":{"start":{"line":98,"column":2},"end":{"line":102,"column":null}},"type":"if","locations":[{"start":{"line":98,"column":2},"end":{"line":102,"column":null}},{"start":{"line":98,"column":2},"end":{"line":102,"column":null}}]},"12":{"loc":{"start":{"line":103,"column":2},"end":{"line":107,"column":null}},"type":"if","locations":[{"start":{"line":103,"column":2},"end":{"line":107,"column":null}},{"start":{"line":103,"column":2},"end":{"line":107,"column":null}}]},"13":{"loc":{"start":{"line":108,"column":2},"end":{"line":110,"column":null}},"type":"if","locations":[{"start":{"line":108,"column":2},"end":{"line":110,"column":null}},{"start":{"line":108,"column":2},"end":{"line":110,"column":null}}]},"14":{"loc":{"start":{"line":111,"column":2},"end":{"line":113,"column":null}},"type":"if","locations":[{"start":{"line":111,"column":2},"end":{"line":113,"column":null}},{"start":{"line":111,"column":2},"end":{"line":113,"column":null}}]},"15":{"loc":{"start":{"line":114,"column":2},"end":{"line":121,"column":null}},"type":"if","locations":[{"start":{"line":114,"column":2},"end":{"line":121,"column":null}},{"start":{"line":114,"column":2},"end":{"line":121,"column":null}}]},"16":{"loc":{"start":{"line":116,"column":9},"end":{"line":121,"column":null}},"type":"if","locations":[{"start":{"line":116,"column":9},"end":{"line":121,"column":null}},{"start":{"line":116,"column":9},"end":{"line":121,"column":null}}]},"17":{"loc":{"start":{"line":117,"column":4},"end":{"line":117,"column":44}},"type":"binary-expr","locations":[{"start":{"line":117,"column":4},"end":{"line":117,"column":44}},{"start":{"line":118,"column":4},"end":{"line":118,"column":51}}]},"18":{"loc":{"start":{"line":122,"column":2},"end":{"line":128,"column":null}},"type":"if","locations":[{"start":{"line":122,"column":2},"end":{"line":128,"column":null}},{"start":{"line":122,"column":2},"end":{"line":128,"column":null}}]},"19":{"loc":{"start":{"line":124,"column":9},"end":{"line":128,"column":null}},"type":"if","locations":[{"start":{"line":124,"column":9},"end":{"line":128,"column":null}},{"start":{"line":124,"column":9},"end":{"line":128,"column":null}}]},"20":{"loc":{"start":{"line":129,"column":2},"end":{"line":131,"column":null}},"type":"if","locations":[{"start":{"line":129,"column":2},"end":{"line":131,"column":null}},{"start":{"line":129,"column":2},"end":{"line":131,"column":null}}]},"21":{"loc":{"start":{"line":132,"column":2},"end":{"line":134,"column":null}},"type":"if","locations":[{"start":{"line":132,"column":2},"end":{"line":134,"column":null}},{"start":{"line":132,"column":2},"end":{"line":134,"column":null}}]},"22":{"loc":{"start":{"line":135,"column":2},"end":{"line":137,"column":null}},"type":"if","locations":[{"start":{"line":135,"column":2},"end":{"line":137,"column":null}},{"start":{"line":135,"column":2},"end":{"line":137,"column":null}}]},"23":{"loc":{"start":{"line":138,"column":2},"end":{"line":140,"column":null}},"type":"if","locations":[{"start":{"line":138,"column":2},"end":{"line":140,"column":null}},{"start":{"line":138,"column":2},"end":{"line":140,"column":null}}]},"24":{"loc":{"start":{"line":141,"column":2},"end":{"line":143,"column":null}},"type":"if","locations":[{"start":{"line":141,"column":2},"end":{"line":143,"column":null}},{"start":{"line":141,"column":2},"end":{"line":143,"column":null}}]},"25":{"loc":{"start":{"line":144,"column":2},"end":{"line":146,"column":null}},"type":"if","locations":[{"start":{"line":144,"column":2},"end":{"line":146,"column":null}},{"start":{"line":144,"column":2},"end":{"line":146,"column":null}}]},"26":{"loc":{"start":{"line":147,"column":2},"end":{"line":149,"column":null}},"type":"if","locations":[{"start":{"line":147,"column":2},"end":{"line":149,"column":null}},{"start":{"line":147,"column":2},"end":{"line":149,"column":null}}]}},"s":{"0":1,"1":1,"2":1,"3":1,"4":1,"5":6,"6":6,"7":1,"8":2,"9":2,"10":2,"11":2,"12":2,"13":2,"14":2,"15":2,"16":2,"17":2,"18":2,"19":2,"20":2,"21":2,"22":2,"23":2,"24":2,"25":2,"26":2,"27":2,"28":2,"29":2,"30":2,"31":2,"32":2,"33":2,"34":2,"35":2,"36":2,"37":2,"38":2,"39":3,"40":3,"41":3,"42":2,"43":2,"44":2,"45":1,"46":2,"47":1,"48":2,"49":1,"50":2,"51":1,"52":2,"53":1,"54":2,"55":1,"56":1,"57":2,"58":1,"59":2,"60":1,"61":2,"62":1,"63":2,"64":2,"65":1,"66":2,"67":2,"68":1,"69":2,"70":1,"71":2,"72":1,"73":1,"74":0,"75":2,"76":1,"77":1,"78":0,"79":2,"80":1,"81":2,"82":1,"83":2,"84":1,"85":2,"86":1,"87":2,"88":1,"89":2,"90":1,"91":2,"92":1,"93":2,"94":1},"f":{"0":6,"1":2,"2":1,"3":2,"4":2},"b":{"0":[6,6,5,3,3],"1":[2,2],"2":[2,1],"3":[1,1],"4":[1,1],"5":[1,1],"6":[1,1],"7":[1,1],"8":[1,1],"9":[1,1],"10":[1,1],"11":[1,1],"12":[1,1],"13":[1,1],"14":[1,1],"15":[1,1],"16":[0,1],"17":[1,1],"18":[1,1],"19":[0,1],"20":[1,1],"21":[1,1],"22":[1,1],"23":[1,1],"24":[1,1],"25":[1,1],"26":[1,1]}}
}
