TN:
SF:demo/calculator/calculator.ts
FN:1,(anonymous_0)
FN:3,(anonymous_2)
FN:7,(anonymous_3)
FNF:3
FNH:3
FNDA:3,(anonymous_0)
FNDA:1,(anonymous_2)
FNDA:1,(anonymous_3)
DA:1,1
DA:3,1
DA:4,1
DA:7,1
DA:8,1
DA:10,1
LF:6
LH:6
BRF:0
BRH:0
end_of_record
TN:
SF:demo/coverage-test/coverage.ts
FN:1,(anonymous_0)
FN:4,(anonymous_2)
FN:13,(anonymous_3)
FN:18,(anonymous_4)
FNF:4
FNH:3
FNDA:3,(anonymous_0)
FNDA:1,(anonymous_2)
FNDA:1,(anonymous_3)
FNDA:0,(anonymous_4)
DA:1,1
DA:4,2
DA:5,1
DA:6,1
DA:8,0
DA:13,2
DA:14,1
DA:18,2
DA:19,0
DA:21,1
LF:10
LH:8
BRDA:4,0,0,1
BRDA:4,0,1,0
BRDA:5,1,0,1
BRDA:5,1,1,0
BRF:4
BRH:2
end_of_record
TN:
SF:src/buildExec.ts
FN:9,(anonymous_6)
FN:20,(anonymous_7)
FN:88,(anonymous_8)
FN:99,(anonymous_9)
FN:104,(anonymous_10)
FNF:5
FNH:5
FNDA:6,(anonymous_6)
FNDA:2,(anonymous_7)
FNDA:1,(anonymous_8)
FNDA:2,(anonymous_9)
FNDA:2,(anonymous_10)
DA:1,1
DA:2,1
DA:5,1
DA:7,1
DA:9,1
DA:10,6
DA:11,6
DA:20,1
DA:21,2
DA:22,2
DA:23,2
DA:24,2
DA:25,2
DA:26,2
DA:27,2
DA:28,2
DA:29,2
DA:30,2
DA:31,2
DA:32,2
DA:33,2
DA:34,2
DA:35,2
DA:36,2
DA:37,2
DA:38,2
DA:39,2
DA:40,2
DA:41,2
DA:42,2
DA:43,2
DA:45,2
DA:46,2
DA:53,2
DA:54,2
DA:63,2
DA:64,3
DA:65,3
DA:66,3
DA:67,2
DA:68,2
DA:72,2
DA:73,1
DA:75,2
DA:76,1
DA:78,2
DA:79,1
DA:81,2
DA:82,1
DA:84,2
DA:85,1
DA:87,2
DA:88,1
DA:89,1
DA:92,2
DA:93,1
DA:95,2
DA:96,1
DA:98,2
DA:99,1
DA:100,2
DA:103,2
DA:104,1
DA:105,2
DA:108,2
DA:109,1
DA:111,2
DA:112,1
DA:114,2
DA:115,1
DA:116,1
DA:120,0
DA:122,2
DA:123,1
DA:124,1
DA:127,0
DA:129,2
DA:130,1
DA:132,2
DA:133,1
DA:135,2
DA:136,1
DA:138,2
DA:139,1
DA:141,2
DA:142,1
DA:144,2
DA:145,1
DA:147,2
DA:148,1
DA:151,2
DA:154,1
LF:92
LH:90
BRDA:12,0,0,6
BRDA:12,0,1,6
BRDA:12,0,2,5
BRDA:12,0,3,3
BRDA:12,0,4,3
BRDA:60,1,0,2
BRDA:60,1,1,2
BRDA:66,2,0,2
BRDA:66,2,1,1
BRDA:72,3,0,1
BRDA:72,3,1,1
BRDA:75,4,0,1
BRDA:75,4,1,1
BRDA:78,5,0,1
BRDA:78,5,1,1
BRDA:81,6,0,1
BRDA:81,6,1,1
BRDA:84,7,0,1
BRDA:84,7,1,1
BRDA:87,8,0,1
BRDA:87,8,1,1
BRDA:92,9,0,1
BRDA:92,9,1,1
BRDA:95,10,0,1
BRDA:95,10,1,1
BRDA:98,11,0,1
BRDA:98,11,1,1
BRDA:103,12,0,1
BRDA:103,12,1,1
BRDA:108,13,0,1
BRDA:108,13,1,1
BRDA:111,14,0,1
BRDA:111,14,1,1
BRDA:114,15,0,1
BRDA:114,15,1,1
BRDA:116,16,0,0
BRDA:116,16,1,1
BRDA:117,17,0,1
BRDA:117,17,1,1
BRDA:122,18,0,1
BRDA:122,18,1,1
BRDA:124,19,0,0
BRDA:124,19,1,1
BRDA:129,20,0,1
BRDA:129,20,1,1
BRDA:132,21,0,1
BRDA:132,21,1,1
BRDA:135,22,0,1
BRDA:135,22,1,1
BRDA:138,23,0,1
BRDA:138,23,1,1
BRDA:141,24,0,1
BRDA:141,24,1,1
BRDA:144,25,0,1
BRDA:144,25,1,1
BRDA:147,26,0,1
BRDA:147,26,1,1
BRF:57
BRH:55
end_of_record
